<?xml version="1.0" encoding="UTF-8"?>
<testng-results ignored="0" total="1" passed="1" failed="0" skipped="0">
  <reporter-output>
  </reporter-output>
  <suite started-at="2022-07-26T18:17:39 IST" name="Default suite" finished-at="2022-07-26T18:24:43 IST" duration-ms="423615">
    <groups>
    </groups>
    <test started-at="2022-07-26T18:17:39 IST" name="Default test" finished-at="2022-07-26T18:24:43 IST" duration-ms="423615">
      <class name="Sample.VerifyHomePageBanners">
        <test-method is-config="true" signature="setUp()[pri:0, instance:Sample.VerifyHomePageBanners@2f217633]" started-at="2022-07-26T18:17:39 IST" name="setUp" finished-at="2022-07-26T18:17:49 IST" duration-ms="9679" status="PASS">
          <reporter-output>
          </reporter-output>
        </test-method> <!-- setUp -->
        <test-method signature="verifybanners()[pri:0, instance:Sample.VerifyHomePageBanners@2f217633]" started-at="2022-07-26T18:17:49 IST" name="verifybanners" finished-at="2022-07-26T18:24:42 IST" duration-ms="413282" status="PASS">
          <reporter-output>
          </reporter-output>
        </test-method> <!-- verifybanners -->
        <test-method is-config="true" signature="beforeMethod()[pri:0, instance:Sample.VerifyHomePageBanners@2f217633]" started-at="2022-07-26T18:17:49 IST" name="beforeMethod" finished-at="2022-07-26T18:17:49 IST" duration-ms="0" status="PASS">
          <reporter-output>
          </reporter-output>
        </test-method> <!-- beforeMethod -->
        <test-method is-config="true" signature="afterMethod()[pri:0, instance:Sample.VerifyHomePageBanners@2f217633]" started-at="2022-07-26T18:24:42 IST" name="afterMethod" finished-at="2022-07-26T18:24:42 IST" duration-ms="1" status="PASS">
          <reporter-output>
          </reporter-output>
        </test-method> <!-- afterMethod -->
        <test-method is-config="true" signature="tearDown()[pri:0, instance:Sample.VerifyHomePageBanners@2f217633]" started-at="2022-07-26T18:24:42 IST" name="tearDown" finished-at="2022-07-26T18:24:43 IST" duration-ms="618" status="PASS">
          <reporter-output>
          </reporter-output>
        </test-method> <!-- tearDown -->
      </class> <!-- Sample.VerifyHomePageBanners -->
    </test> <!-- Default test -->
  </suite> <!-- Default suite -->
</testng-results>
